<?xml version="1.0" encoding="UTF-8"?>
<testng-results ignored="0" total="1" passed="1" failed="0" skipped="0">
  <reporter-output>
  </reporter-output>
  <suite started-at="2022-05-11T12:25:55 BRT" name="Default suite" finished-at="2022-05-11T12:26:04 BRT" duration-ms="8619">
    <groups>
    </groups>
    <test started-at="2022-05-11T12:25:55 BRT" name="Default test" finished-at="2022-05-11T12:26:04 BRT" duration-ms="8619">
      <class name="desafios.Desafio1">
        <test-method is-config="true" signature="setUp()[pri:0, instance:desafios.Desafio1@54bff557]" started-at="2022-05-11T12:25:55 BRT" name="setUp" finished-at="2022-05-11T12:25:57 BRT" duration-ms="1760" status="PASS">
          <reporter-output>
          </reporter-output>
        </test-method> <!-- setUp -->
        <test-method signature="desafio1()[pri:0, instance:desafios.Desafio1@54bff557]" started-at="2022-05-11T12:25:57 BRT" name="desafio1" finished-at="2022-05-11T12:26:04 BRT" duration-ms="6639" status="PASS">
          <reporter-output>
          </reporter-output>
        </test-method> <!-- desafio1 -->
        <test-method is-config="true" signature="tearDown()[pri:0, instance:desafios.Desafio1@54bff557]" started-at="2022-05-11T12:26:04 BRT" name="tearDown" finished-at="2022-05-11T12:26:04 BRT" duration-ms="190" status="PASS">
          <reporter-output>
          </reporter-output>
        </test-method> <!-- tearDown -->
      </class> <!-- desafios.Desafio1 -->
    </test> <!-- Default test -->
  </suite> <!-- Default suite -->
</testng-results>
